ROM:00000000                                         ;
ROM:00000000                                         ; +-------------------------------------------------------------------------+
ROM:00000000                                         ; |   This file has been generated by The Interactive Disassembler (IDA)    |
ROM:00000000                                         ; |           Copyright (c) 2017 Hex-Rays, <support@hex-rays.com>           |
ROM:00000000                                         ; |                      License info: 48-3FBD-7F04-2C                      |
ROM:00000000                                         ; |                      Jiang Ying, Personal license                       |
ROM:00000000                                         ; +-------------------------------------------------------------------------+
ROM:00000000                                         ;
ROM:00000000                                         ; Input SHA256 : 6FE4AF8E4F44108603A227665298288E7C5D05D8034C83CB6A1A964EC65B26A7
ROM:00000000                                         ; Input MD5    : 24C867493B19AE436AD1C0DC3BE887C2
ROM:00000000                                         ; Input CRC32  : 59A4E30D
ROM:00000000
ROM:00000000                                         ; File Name   : E:\h3e\1\h8dev_02\h8led.bin.001.196.bin
ROM:00000000                                         ; Format      : Binary file
ROM:00000000                                         ; Base Address: 0000h Range: 0000h - 00C4h Loaded length: 00C4h
ROM:00000000
ROM:00000000                                         ; Processor       : h8300a
ROM:00000000                                         ; Target assembler: GNU assembler
ROM:00000000                                         ; Byte sex        : Big endian
ROM:00000000
ROM:00000000                                                         .h8300h
ROM:00000000
ROM:00000000                                         ; ===========================================================================
ROM:00000000
ROM:00000000                                         ; Segment type: Pure code
ROM:00000000                                                         .text; ROM
ROM:00000000 0000                                                    .byte    0
ROM:00000001 0034                                                    .byte 0x34 ; 4
ROM:00000002 0000                                                    .byte    0
ROM:00000003 0034                                                    .byte 0x34 ; 4
ROM:00000004 0000                                                    .byte    0
ROM:00000005 0034                                                    .byte 0x34 ; 4
ROM:00000006 0000                                                    .byte    0
ROM:00000007 0034                                                    .byte 0x34 ; 4
ROM:00000008 0000                                                    .byte    0
ROM:00000009 0034                                                    .byte 0x34 ; 4
ROM:0000000A 0000                                                    .byte    0
ROM:0000000B 0034                                                    .byte 0x34 ; 4
ROM:0000000C 0000                                                    .byte    0
ROM:0000000D 0034                                                    .byte 0x34 ; 4
ROM:0000000E 0000                                                    .byte    0
ROM:0000000F 0034                                                    .byte 0x34 ; 4
ROM:00000010 0000                                                    .byte    0
ROM:00000011 0034                                                    .byte 0x34 ; 4
ROM:00000012 0000                                                    .byte    0
ROM:00000013 0034                                                    .byte 0x34 ; 4
ROM:00000014 0000                                                    .byte    0
ROM:00000015 0034                                                    .byte 0x34 ; 4
ROM:00000016 0000                                                    .byte    0
ROM:00000017 0034                                                    .byte 0x34 ; 4
ROM:00000018 0000                                                    .byte    0
ROM:00000019 0034                                                    .byte 0x34 ; 4
ROM:0000001A 0000                                                    .byte    0
ROM:0000001B 0034                                                    .byte 0x34 ; 4
ROM:0000001C 0000                                                    .byte    0
ROM:0000001D 0034                                                    .byte 0x34 ; 4
ROM:0000001E 0000                                                    .byte    0
ROM:0000001F 0034                                                    .byte 0x34 ; 4
ROM:00000020 0000                                                    .byte    0
ROM:00000021 0034                                                    .byte 0x34 ; 4
ROM:00000022 0000                                                    .byte    0
ROM:00000023 0034                                                    .byte 0x34 ; 4
ROM:00000024 0000                                                    .byte    0
ROM:00000025 0034                                                    .byte 0x34 ; 4
ROM:00000026 0000                                                    .byte    0
ROM:00000027 005E                                                    .byte 0x5E ; ^
ROM:00000028 0000                                                    .byte    0
ROM:00000029 0034                                                    .byte 0x34 ; 4
ROM:0000002A 0000                                                    .byte    0
ROM:0000002B 0034                                                    .byte 0x34 ; 4
ROM:0000002C 0000                                                    .byte    0
ROM:0000002D 0034                                                    .byte 0x34 ; 4
ROM:0000002E 0000                                                    .byte    0
ROM:0000002F 0034                                                    .byte 0x34 ; 4
ROM:00000030 0000                                                    .byte    0
ROM:00000031 0034                                                    .byte 0x34 ; 4
ROM:00000032 0000                                                    .byte    0
ROM:00000033 0034                                                    .byte 0x34 ; 4
ROM:00000034                                         ; ---------------------------------------------------------------------------
ROM:00000034 7A07 0000 FF80                                          mov.l   #0xFF80, sp
ROM:0000003A 7A00 0000 00C4                                          mov.l   #0xC4, er0
ROM:00000040 7A01 0000 00C4                                          mov.l   #0xC4, er1
ROM:00000046 7A02 0000 00C4                                          mov.l   #0xC4, er2
ROM:0000004C
ROM:0000004C                                         loc_4C:                                 ; CODE XREF: ROM:00000056↓j
ROM:0000004C 6903                                                    mov.w   @er0, r3
ROM:0000004E 6993                                                    mov.w   r3, @er1
ROM:00000050 0B80                                                    adds    #2, er0
ROM:00000052 0B81                                                    adds    #2, er1
ROM:00000054 1FA1                                                    cmp.l   er2, er1
ROM:00000056 45F4                                                    bcs     loc_4C:8
ROM:00000058
ROM:00000058                                         loc_58:                                 ; CODE XREF: ROM:0000005C↓j
ROM:00000058 5E00 008E                                               jsr     sub_8E:24
ROM:0000005C 40FA                                                    bra     loc_58:8
ROM:0000005E                                         ; ---------------------------------------------------------------------------
ROM:0000005E 0100 6DF6                                               push.l  er6
ROM:00000062 0FF6                                                    mov.l   sp, er6
ROM:00000064 0100 6DF2                                               push.l  er2
ROM:00000068 0100 6DF3                                               push.l  er3
ROM:0000006C 7A03 0000 FFF6                                          mov.l   #0xFFF6, er3
ROM:00000072 683A                                                    mov.b   @er3, r2l
ROM:00000074 EA9F                                                    and.b   #0x9F, r2l
ROM:00000076 68BA                                                    mov.b   r2l, @er3
ROM:00000078 FBD4                                                    mov.b   #0xD4, r3l
ROM:0000007A 683A                                                    mov.b   @er3, r2l
ROM:0000007C 170A                                                    not.b   r2l
ROM:0000007E 68BA                                                    mov.b   r2l, @er3
ROM:00000080 0100 6D73                                               pop.l   er3
ROM:00000084 0100 6D72                                               pop.l   er2
ROM:00000088 0100 6D76                                               pop.l   er6
ROM:0000008C 5670                                                    rte
ROM:0000008E
ROM:0000008E                                         ; =============== S U B R O U T I N E =======================================
ROM:0000008E
ROM:0000008E                                         ; Attributes: bp-based frame
ROM:0000008E
ROM:0000008E                                         sub_8E:                                 ; CODE XREF: ROM:loc_58↑p
ROM:0000008E 0100 6DF6                                               push.l  er6
ROM:00000092 0FF6                                                    mov.l   sp, er6
ROM:00000094 18BB                                                    sub.b   r3l, r3l
ROM:00000096 6AAB 0000 FFE0                                          mov.b   r3l, @0xFFE0:32
ROM:0000009C FAFF                                                    mov.b   #0xFF, r2l
ROM:0000009E 6AAA 0000 FFE4                                          mov.b   r2l, @PCR1:32
ROM:000000A4 6AAB 0000 FFD4                                          mov.b   r3l, @PDR1:32
ROM:000000AA FA99                                                    mov.b   #0x99, r2l
ROM:000000AC 6AAA 0000 FFA6                                          mov.b   r2l, @0xFFA6:32
ROM:000000B2 7A03 0000 FFF4                                          mov.l   #0xFFF4, er3
ROM:000000B8 683A                                                    mov.b   @er3, r2l
ROM:000000BA CA40                                                    or.b    #0x40, r2l
ROM:000000BC 68BA                                                    mov.b   r2l, @er3
ROM:000000BE 067F                                                    andc    #0x7F, ccr
ROM:000000C0
ROM:000000C0                                         loc_C0:                                 ; CODE XREF: sub_8E+34↓j
ROM:000000C0 0180                                                    sleep
ROM:000000C2 40FC                                                    bra     loc_C0:8
ROM:000000C2                                         ; End of function sub_8E
ROM:000000C2
ROM:000000C2
ROM:000000C2                                                         ; end
