ROM:00000000                                         ;
ROM:00000000                                         ; +-------------------------------------------------------------------------+
ROM:00000000                                         ; |   This file has been generated by The Interactive Disassembler (IDA)    |
ROM:00000000                                         ; |           Copyright (c) 2017 Hex-Rays, <support@hex-rays.com>           |
ROM:00000000                                         ; |                      License info: 48-3FBD-7F04-2C                      |
ROM:00000000                                         ; |                      Jiang Ying, Personal license                       |
ROM:00000000                                         ; +-------------------------------------------------------------------------+
ROM:00000000                                         ;
ROM:00000000                                         ; Input SHA256 : 255C479487426356912C4DFA027A7D683BF0A9878CB41C55E274390DE22FA915
ROM:00000000                                         ; Input MD5    : 490CC687207DA2BB438E6A5203437F66
ROM:00000000                                         ; Input CRC32  : 9DE65FA4
ROM:00000000
ROM:00000000                                         ; File Name   : E:\h3e\1\h8dev_02\h8led.bin.000.origin.242.bin
ROM:00000000                                         ; Format      : Binary file
ROM:00000000                                         ; Base Address: 0000h Range: 0000h - 00F2h Loaded length: 00F2h
ROM:00000000
ROM:00000000                                         ; Processor       : h8300a
ROM:00000000                                         ; Target assembler: GNU assembler
ROM:00000000                                         ; Byte sex        : Big endian
ROM:00000000
ROM:00000000                                                         .h8300h
ROM:00000000
ROM:00000000                                         ; ===========================================================================
ROM:00000000
ROM:00000000                                         ; Segment type: Pure code
ROM:00000000                                                         .text; ROM
ROM:00000000 0000                                                    .byte    0
ROM:00000001 0034                                                    .byte 0x34 ; 4
ROM:00000002 0000                                                    .byte    0
ROM:00000003 0034                                                    .byte 0x34 ; 4
ROM:00000004 0000                                                    .byte    0
ROM:00000005 0034                                                    .byte 0x34 ; 4
ROM:00000006 0000                                                    .byte    0
ROM:00000007 0034                                                    .byte 0x34 ; 4
ROM:00000008 0000                                                    .byte    0
ROM:00000009 0034                                                    .byte 0x34 ; 4
ROM:0000000A 0000                                                    .byte    0
ROM:0000000B 0034                                                    .byte 0x34 ; 4
ROM:0000000C 0000                                                    .byte    0
ROM:0000000D 0034                                                    .byte 0x34 ; 4
ROM:0000000E 0000                                                    .byte    0
ROM:0000000F 0034                                                    .byte 0x34 ; 4
ROM:00000010 0000                                                    .byte    0
ROM:00000011 0034                                                    .byte 0x34 ; 4
ROM:00000012 0000                                                    .byte    0
ROM:00000013 0034                                                    .byte 0x34 ; 4
ROM:00000014 0000                                                    .byte    0
ROM:00000015 0034                                                    .byte 0x34 ; 4
ROM:00000016 0000                                                    .byte    0
ROM:00000017 0034                                                    .byte 0x34 ; 4
ROM:00000018 0000                                                    .byte    0
ROM:00000019 0034                                                    .byte 0x34 ; 4
ROM:0000001A 0000                                                    .byte    0
ROM:0000001B 0034                                                    .byte 0x34 ; 4
ROM:0000001C 0000                                                    .byte    0
ROM:0000001D 0034                                                    .byte 0x34 ; 4
ROM:0000001E 0000                                                    .byte    0
ROM:0000001F 0034                                                    .byte 0x34 ; 4
ROM:00000020 0000                                                    .byte    0
ROM:00000021 0034                                                    .byte 0x34 ; 4
ROM:00000022 0000                                                    .byte    0
ROM:00000023 0034                                                    .byte 0x34 ; 4
ROM:00000024 0000                                                    .byte    0
ROM:00000025 0034                                                    .byte 0x34 ; 4
ROM:00000026 0000                                                    .byte    0
ROM:00000027 005E                                                    .byte 0x5E ; ^
ROM:00000028 0000                                                    .byte    0
ROM:00000029 0034                                                    .byte 0x34 ; 4
ROM:0000002A 0000                                                    .byte    0
ROM:0000002B 0034                                                    .byte 0x34 ; 4
ROM:0000002C 0000                                                    .byte    0
ROM:0000002D 0034                                                    .byte 0x34 ; 4
ROM:0000002E 0000                                                    .byte    0
ROM:0000002F 0034                                                    .byte 0x34 ; 4
ROM:00000030 0000                                                    .byte    0
ROM:00000031 0034                                                    .byte 0x34 ; 4
ROM:00000032 0000                                                    .byte    0
ROM:00000033 0034                                                    .byte 0x34 ; 4
ROM:00000034                                         ; ---------------------------------------------------------------------------
ROM:00000034 7A07 0000 FF80                                          mov.l   #0xFF80, sp
ROM:0000003A 7A00 0000 00F2                                          mov.l   #0xF2, er0
ROM:00000040 7A01 0000 00F2                                          mov.l   #0xF2, er1
ROM:00000046 7A02 0000 00F2                                          mov.l   #0xF2, er2
ROM:0000004C
ROM:0000004C                                         loc_4C:                                 ; CODE XREF: ROM:00000056↓j
ROM:0000004C 6903                                                    mov.w   @er0, r3
ROM:0000004E 6993                                                    mov.w   r3, @er1
ROM:00000050 0B80                                                    adds    #2, er0
ROM:00000052 0B81                                                    adds    #2, er1
ROM:00000054 1FA1                                                    cmp.l   er2, er1
ROM:00000056 45F4                                                    bcs     loc_4C:8
ROM:00000058
ROM:00000058                                         loc_58:                                 ; CODE XREF: ROM:0000005C↓j
ROM:00000058 5E00 00B2                                               jsr     sub_B2:24
ROM:0000005C 40FA                                                    bra     loc_58:8
ROM:0000005E                                         ; ---------------------------------------------------------------------------
ROM:0000005E 0100 6DF6                                               push.l  er6
ROM:00000062 0FF6                                                    mov.l   sp, er6
ROM:00000064 0100 6DF0                                               push.l  er0
ROM:00000068 0100 6DF1                                               push.l  er1
ROM:0000006C 0100 6DF2                                               push.l  er2
ROM:00000070 0100 6DF3                                               push.l  er3
ROM:00000074 0100 6DF4                                               push.l  er4
ROM:00000078 0100 6DF5                                               push.l  er5
ROM:0000007C 7A03 0000 FFF6                                          mov.l   #0xFFF6, er3
ROM:00000082 683A                                                    mov.b   @er3, r2l
ROM:00000084 EA9F                                                    and.b   #0x9F, r2l
ROM:00000086 68BA                                                    mov.b   r2l, @er3
ROM:00000088 7A03 0000 FFD4                                          mov.l   #0xFFD4, er3
ROM:0000008E 683A                                                    mov.b   @er3, r2l
ROM:00000090 170A                                                    not.b   r2l
ROM:00000092 68BA                                                    mov.b   r2l, @er3
ROM:00000094 0100 6D75                                               pop.l   er5
ROM:00000098 0100 6D74                                               pop.l   er4
ROM:0000009C 0100 6D73                                               pop.l   er3
ROM:000000A0 0100 6D72                                               pop.l   er2
ROM:000000A4 0100 6D71                                               pop.l   er1
ROM:000000A8 0100 6D70                                               pop.l   er0
ROM:000000AC 0100 6D76                                               pop.l   er6
ROM:000000B0 5670                                                    rte
ROM:000000B2
ROM:000000B2                                         ; =============== S U B R O U T I N E =======================================
ROM:000000B2
ROM:000000B2                                         ; Attributes: bp-based frame
ROM:000000B2
ROM:000000B2                                         sub_B2:                                 ; CODE XREF: ROM:loc_58↑p
ROM:000000B2 0100 6DF6                                               push.l  er6
ROM:000000B6 0FF6                                                    mov.l   sp, er6
ROM:000000B8 7A02 0000 FFE0                                          mov.l   #0xFFE0, er2
ROM:000000BE 1888                                                    sub.b   r0l, r0l
ROM:000000C0 68A8                                                    mov.b   r0l, @er2
ROM:000000C2 7A03 0000 FFE4                                          mov.l   #0xFFE4, er3
ROM:000000C8 FAFF                                                    mov.b   #0xFF, r2l
ROM:000000CA 68BA                                                    mov.b   r2l, @er3
ROM:000000CC 7A02 0000 FFD4                                          mov.l   #0xFFD4, er2
ROM:000000D2 68A8                                                    mov.b   r0l, @er2
ROM:000000D4 7A03 0000 FFA6                                          mov.l   #0xFFA6, er3
ROM:000000DA FA99                                                    mov.b   #0x99, r2l
ROM:000000DC 68BA                                                    mov.b   r2l, @er3
ROM:000000DE 7A03 0000 FFF4                                          mov.l   #0xFFF4, er3
ROM:000000E4 683A                                                    mov.b   @er3, r2l
ROM:000000E6 CA40                                                    or.b    #0x40, r2l
ROM:000000E8 68BA                                                    mov.b   r2l, @er3
ROM:000000EA 067F                                                    andc    #0x7F, ccr
ROM:000000EC
ROM:000000EC                                         loc_EC:                                 ; CODE XREF: sub_B2+3C↓j
ROM:000000EC 0180                                                    sleep
ROM:000000EE 5800 FFFA                                               bra     loc_EC:16
ROM:000000EE                                         ; End of function sub_B2
ROM:000000EE
ROM:000000EE
ROM:000000EE                                                         ; end
